31 окт. 2022 15:58:55,284  INFO StartLogger - Server is starting...
31 окт. 2022 15:58:56,386  INFO StartLogger - Logics instance is starting...
31 окт. 2022 15:58:56,417  INFO StartLogger - Initializing BusinessLogics
31 окт. 2022 15:58:56,423  INFO StartLogger - Initializing localizer
31 окт. 2022 15:58:56,423  INFO StartLogger - Creating modules
31 окт. 2022 15:58:56,423  INFO StartLogger - Initializing string literals data
31 окт. 2022 15:58:56,756  INFO StartLogger - Initializing dependencies
31 окт. 2022 15:58:56,868  INFO StartLogger - Initializing modules order
31 окт. 2022 15:58:56,869  INFO StartLogger - Initializing metacodes and classes
31 окт. 2022 15:58:57,245  INFO StartLogger - Initializing object class
31 окт. 2022 15:58:57,258  INFO StartLogger - Initializing tables
31 окт. 2022 15:58:57,322  INFO StartLogger - Initializing class tables
31 окт. 2022 15:58:57,377  INFO StartLogger - Initializing full tables with one key
31 окт. 2022 15:58:57,377  INFO StartLogger - Initializing main logic
31 окт. 2022 15:58:57,386  INFO StartLogger - Initializing main logic for module : #1 of 42 System (actual: 1)
31 окт. 2022 15:58:57,905  INFO StartLogger - Initializing main logic for module : #2 of 42 ProcessUtils (actual: 35)
31 окт. 2022 15:58:57,905  INFO StartLogger - Initializing main logic for module : #3 of 42 Time (actual: 2)
31 окт. 2022 15:58:57,905  INFO StartLogger - Initializing main logic for module : #4 of 42 Printer (actual: 17)
31 окт. 2022 15:58:57,905  INFO StartLogger - Initializing main logic for module : #5 of 42 MasterData (actual: 6)
31 окт. 2022 15:58:57,908  INFO StartLogger - Initializing main logic for module : #6 of 42 HockeyStats (actual: 16)
31 окт. 2022 15:58:57,917  INFO StartLogger - Initializing main logic for module : #7 of 42 DefaultData (actual: 13)
31 окт. 2022 15:58:57,926  INFO StartLogger - Initializing main logic for module : #8 of 42 Integration (actual: 27)
31 окт. 2022 15:58:57,936  INFO StartLogger - Initializing main logic for module : #9 of 42 Image (actual: 18)
31 окт. 2022 15:58:57,938  INFO StartLogger - Initializing main logic for module : #10 of 42 Numerator (actual: 19)
31 окт. 2022 15:58:57,942  INFO StartLogger - Initializing main logic for module : #11 of 42 OpenCV (actual: 40)
31 окт. 2022 15:58:57,956  INFO StartLogger - Initializing main logic for module : #12 of 42 Com (actual: 31)
31 окт. 2022 15:58:57,959  INFO StartLogger - Initializing main logic for module : #13 of 42 Sound (actual: 34)
31 окт. 2022 15:58:58,013  INFO StartLogger - Initializing main logic for module : #14 of 42 Authentication (actual: 3)
31 окт. 2022 15:58:58,014  INFO StartLogger - Initializing main logic for module : #15 of 42 Utils (actual: 7)
31 окт. 2022 15:58:58,086  INFO StartLogger - Initializing main logic for module : #16 of 42 Fax (actual: 42)
31 окт. 2022 15:58:58,086  INFO StartLogger - Initializing main logic for module : #17 of 42 Geo (actual: 36)
31 окт. 2022 15:58:58,086  INFO StartLogger - Initializing main logic for module : #18 of 42 Schedule (actual: 41)
31 окт. 2022 15:58:58,087  INFO StartLogger - Initializing main logic for module : #19 of 42 I18n (actual: 30)
31 окт. 2022 15:58:58,141  INFO StartLogger - Initializing main logic for module : #20 of 42 Hierarchy (actual: 24)
31 окт. 2022 15:58:58,144  INFO StartLogger - Initializing main logic for module : #21 of 42 Excel (actual: 25)
31 окт. 2022 15:58:58,327  INFO StartLogger - Initializing main logic for module : #22 of 42 Document (actual: 20)
31 окт. 2022 15:58:58,327  INFO StartLogger - Initializing main logic for module : #23 of 42 Historizable (actual: 23)
31 окт. 2022 15:58:58,327  INFO StartLogger - Initializing main logic for module : #25 of 42 Reflection (actual: 4)
31 окт. 2022 15:58:58,327  INFO StartLogger - Initializing main logic for module : #24 of 42 ProcessMonitor (actual: 21)
31 окт. 2022 15:58:58,451  INFO StartLogger - Initializing main logic for module : #26 of 42 Email (actual: 9)
31 окт. 2022 15:58:58,452  INFO StartLogger - Initializing main logic for module : #27 of 42 Messenger (actual: 32)
31 окт. 2022 15:58:58,453  INFO StartLogger - Initializing main logic for module : #28 of 42 SystemEvents (actual: 5)
31 окт. 2022 15:58:58,467  INFO StartLogger - Initializing main logic for module : #29 of 42 Telegram (actual: 33)
31 окт. 2022 15:58:58,467  INFO StartLogger - Initializing main logic for module : #30 of 42 Slack (actual: 39)
31 окт. 2022 15:58:58,517  INFO StartLogger - Initializing main logic for module : #31 of 42 Skype (actual: 38)
31 окт. 2022 15:58:58,534  INFO StartLogger - Initializing main logic for module : #32 of 42 Viber (actual: 37)
31 окт. 2022 15:58:58,572  INFO StartLogger - Initializing main logic for module : #33 of 42 Security (actual: 10)
31 окт. 2022 15:58:58,572  INFO StartLogger - Initializing main logic for module : #34 of 42 Word (actual: 8)
31 окт. 2022 15:58:58,675  INFO StartLogger - Initializing main logic for module : #35 of 42 Service (actual: 11)
31 окт. 2022 15:58:58,771  INFO StartLogger - Initializing main logic for module : #36 of 42 SQLUtils (actual: 22)
31 окт. 2022 15:58:58,771  INFO StartLogger - Initializing main logic for module : #37 of 42 Chat (actual: 28)
31 окт. 2022 15:58:58,771  INFO StartLogger - Initializing main logic for module : #38 of 42 Scheduler (actual: 12)
31 окт. 2022 15:58:58,771  INFO StartLogger - Initializing main logic for module : #39 of 42 Profiler (actual: 26)
31 окт. 2022 15:58:58,810  INFO StartLogger - Initializing main logic for module : #40 of 42 Eval (actual: 29)
31 окт. 2022 15:58:58,871  INFO StartLogger - Initializing main logic for module : #41 of 42 SchedulerDefaultData (actual: 14)
31 окт. 2022 15:58:58,875  INFO StartLogger - Initializing main logic for module : #42 of 42 Backup (actual: 15)
31 окт. 2022 15:58:58,956  INFO StartLogger - Finalizing classes
31 окт. 2022 15:58:58,956  INFO StartLogger - Checking for duplicate elements
31 окт. 2022 15:58:58,957  INFO StartLogger - Finalizing groups
31 окт. 2022 15:58:58,982  INFO StartLogger - Filling implicit cases
31 окт. 2022 15:58:58,982  INFO StartLogger - Initializing abstract properties
31 окт. 2022 15:58:58,982  INFO StartLogger - Finalizing abstract actions
31 окт. 2022 15:58:59,011  INFO StartLogger - Checking abstract
31 окт. 2022 15:58:59,011  INFO StartLogger - Initializing class aggr props
31 окт. 2022 15:58:59,020  INFO StartLogger - Initializing fields for data and materialized properties
31 окт. 2022 15:58:59,021  INFO StartLogger - Looking for recursions in abstract actions / properties
31 окт. 2022 15:58:59,053  INFO StartLogger - Setup drill-down
31 окт. 2022 15:58:59,053  INFO StartLogger - Setup reset files
31 окт. 2022 15:58:59,054  INFO StartLogger - Finalizing navigator elements
31 окт. 2022 15:58:59,069  INFO StartLogger - Setup property policy
31 окт. 2022 15:58:59,072  INFO StartLogger - Initializing reflection events
31 окт. 2022 15:58:59,073  INFO StartLogger - Finalizing tables
31 окт. 2022 15:58:59,073  INFO StartLogger - Initializing indices
31 окт. 2022 15:58:59,302  INFO StartLogger - Setup action policy
31 окт. 2022 15:58:59,302  INFO StartLogger - Showing dependencies
31 окт. 2022 15:58:59,923  INFO StartLogger - Setting user logging for properties
31 окт. 2022 15:58:59,937  INFO StartLogger - Setting user not null constraints for properties
31 окт. 2022 15:58:59,939  INFO StartLogger - Reading property links
31 окт. 2022 15:58:59,939  INFO StartLogger - Setup loggables
31 окт. 2022 15:58:59,939  INFO StartLogger - Initializing class data indexes
31 окт. 2022 15:58:59,950  INFO StartLogger - Finalizing properties
31 окт. 2022 15:59:00,383  INFO StartLogger - Building property list
31 окт. 2022 15:59:00,448  INFO StartLogger - Initializing class dialog forms
31 окт. 2022 15:59:00,568  INFO StartLogger - Finalizing forms
31 окт. 2022 15:59:00,791  INFO StartLogger - Initializing actions' debugger
31 окт. 2022 15:59:00,791  INFO StartLogger - Synchronizing DB
31 окт. 2022 15:59:00,850  INFO StartLogger - Module Main has been dropped
31 окт. 2022 15:59:00,860  INFO StartLogger - Checking indices
31 окт. 2022 15:59:00,860  INFO StartLogger - Applying migration script (0.0 -> 0.0)
31 окт. 2022 15:59:00,901  INFO StartLogger - Creating tables
31 окт. 2022 15:59:00,948  INFO StartLogger - Packing tables
31 окт. 2022 15:59:00,948  INFO StartLogger - Adding indices
31 окт. 2022 15:59:00,948  INFO StartLogger - Filling static objects ids
31 окт. 2022 15:59:01,208  INFO StartLogger - Updating stats
31 окт. 2022 15:59:01,232  INFO StartLogger - Writing static objects changes
31 окт. 2022 15:59:01,247  INFO StartLogger - adding static object with id 2000, sid HockeyStats_GameResult and name Р/И
31 окт. 2022 15:59:01,253  INFO StartLogger - adding static object with id 2001, sid HockeyStats_Team and name Команда
31 окт. 2022 15:59:01,291  INFO StartLogger - adding static object with id 2002, sid HockeyStats_Game and name Игра
31 окт. 2022 15:59:01,331  INFO StartLogger - adding static object with id 2003, sid HockeyStats_GameResult.winSO and name ПБ
31 окт. 2022 15:59:01,339  INFO StartLogger - adding static object with id 2004, sid HockeyStats_GameResult.winOT and name ПО
31 окт. 2022 15:59:01,348  INFO StartLogger - adding static object with id 2005, sid HockeyStats_GameResult.win and name П
31 окт. 2022 15:59:01,611  INFO StartLogger - Migrating reflection properties and actions
31 окт. 2022 15:59:01,640  INFO StartLogger - Recalculating aggregations
31 окт. 2022 15:59:01,642  INFO StartLogger - Update Aggregation Stats started: _auto_HockeyStats_Team
31 окт. 2022 15:59:01,872  INFO StartLogger - Update Aggregation Stats: _auto_HockeyStats_Team, 231ms
31 окт. 2022 15:59:01,873  INFO StartLogger - Update Aggregation Stats started: _auto_HockeyStats_GameResult
31 окт. 2022 15:59:01,960  INFO StartLogger - Update Aggregation Stats: _auto_HockeyStats_GameResult, 86ms
31 окт. 2022 15:59:01,960  INFO StartLogger - Update Aggregation Stats started: _auto_HockeyStats_Game
31 окт. 2022 15:59:02,419  INFO StartLogger - Update Aggregation Stats: _auto_HockeyStats_Game, 459ms
31 окт. 2022 15:59:02,660  INFO StartLogger - Initializing Security Manager.
31 окт. 2022 15:59:02,690  INFO StartLogger - Starting Security Manager.
31 окт. 2022 15:59:02,727  INFO StartLogger - Starting RMI Manager
31 окт. 2022 15:59:02,915  INFO StartLogger - Executing onStarted action
31 окт. 2022 15:59:03,037  INFO SystemLogger - Setting hostname: null
31 окт. 2022 15:59:03,713  INFO StartLogger - Starting Scheduler
31 окт. 2022 15:59:03,751  INFO SystemLogger - ChangeCurrentDate started: from 2022-10-27 to 2022-10-31
31 окт. 2022 15:59:03,753  INFO SystemLogger - Change current time snapshots to 2022-10-31T15:59:03.737314200, 2022-10-31T10:59:03.737314200Z
31 окт. 2022 15:59:03,835  INFO SystemLogger - ChangeCurrentDate finished
31 окт. 2022 15:59:04,055  INFO StartLogger - Exporting RMI Logics object (port: 7652)
31 окт. 2022 15:59:04,065  INFO SystemLogger - Binding ExternalHttpServer
31 окт. 2022 15:59:04,091  INFO StartLogger - Prereading properties graph
31 окт. 2022 15:59:04,091  INFO StartLogger - Prereading caches for properties
31 окт. 2022 15:59:04,092  INFO StartLogger - Reading modules hash
31 окт. 2022 15:59:04,096  INFO StartLogger - Prereading caches for properties ended
31 окт. 2022 15:59:04,098  INFO StartLogger - Comparing modulesHash: old d5c39705, new b85e7554
31 окт. 2022 15:59:04,099  INFO StartLogger - Synchronizing property entities
31 окт. 2022 15:59:04,099  INFO StartLogger - Synchronizing forms
31 окт. 2022 15:59:04,099  INFO StartLogger - Synchronizing group properties
31 окт. 2022 15:59:04,099  INFO StartLogger - Synchronizing tables
31 окт. 2022 15:59:04,099  INFO StartLogger - Synchronizing group objects
31 окт. 2022 15:59:04,099  INFO StartLogger - synchronizeTables collecting data started
31 окт. 2022 15:59:04,099  INFO StartLogger - Synchronizing property parents
31 окт. 2022 15:59:04,099  INFO StartLogger - Synchronizing property draws
31 окт. 2022 15:59:04,099  INFO StartLogger - Synchronizing navigator elements
31 окт. 2022 15:59:04,099  INFO StartLogger - Synchronizing parents
31 окт. 2022 15:59:04,099  INFO StartLogger - Prereading security policies
31 окт. 2022 15:59:04,101  INFO StartLogger - synchronizeTables integration service started
31 окт. 2022 15:59:08,125  INFO StartLogger - synchronizeTables finished
31 окт. 2022 15:59:08,126  INFO StartLogger - Recalculating Stats at first start
31 окт. 2022 15:59:08,126  INFO StartLogger - Writing modules hash
31 окт. 2022 15:59:08,126  INFO StartLogger - Writing modulesHash b85e7554
31 окт. 2022 15:59:08,146  INFO StartLogger - Writing modulesHash finished successfully
31 окт. 2022 15:59:08,152  INFO StartLogger - Obsolete caches were successfully cleaned
31 окт. 2022 15:59:08,152  INFO StartLogger - Logics instance has successfully started
31 окт. 2022 15:59:08,153  INFO StartLogger - Desktop Client is available at:
31 окт. 2022 15:59:08,153  INFO StartLogger - Java Web Start (with auto update, requires JDK): https://download.lsfusion.org/java/lsfusion-client-4.1.jnlp
31 окт. 2022 15:59:08,153  INFO StartLogger - Installer for Windows (without auto update): https://download.lsfusion.org/exe/lsfusion-desktop-4.1.exe
31 окт. 2022 15:59:08,153  INFO StartLogger - Server has successfully started in 12869 ms.
